========================================================================
make-awesome.sh v2.0.0 --debug Session - 2026-01-25 17:28:34
Session ID: 20260125_172834
========================================================================

[17:28:34] [v2.0.0] Scanning for Python files in current directory...
[17:28:34] [v2.0.0] Found 5 Python file(s): on-add_need-priority.py on-exit_need-priority.py on-modify_need-priority.py nn on-add_need-priority.py.bak
[17:28:34] [v2.0.0] Processing: on-add_need-priority.py
[17:28:34] [v2.0.0]   Generating debug version...
[make] Creating debug version: debug.on-add_need-priority.py
DEBUG: Parsed 253 lines
DEBUG: Shebang: yes
DEBUG: Docstring: 7 lines
DEBUG: Imports: 6 lines
DEBUG: Rest: 238 lines
[make] ✓ Created: debug.on-add_need-priority.py
[17:28:34] [v2.0.0]   Backing up: on-add_need-priority.py -> on-add_need-priority.py.orig
[17:28:34] [v2.0.0]   Promoting: debug.on-add_need-priority.py -> on-add_need-priority.py
[17:28:34] [v2.0.0] Processing: on-exit_need-priority.py
[17:28:34] [v2.0.0]   Generating debug version...
[make] Creating debug version: debug.on-exit_need-priority.py
DEBUG: Parsed 144 lines
DEBUG: Shebang: yes
DEBUG: Docstring: 9 lines
DEBUG: Imports: 5 lines
DEBUG: Rest: 128 lines
[make] ✓ Created: debug.on-exit_need-priority.py
[17:28:35] [v2.0.0]   Backing up: on-exit_need-priority.py -> on-exit_need-priority.py.orig
[17:28:35] [v2.0.0]   Promoting: debug.on-exit_need-priority.py -> on-exit_need-priority.py
[17:28:35] [v2.0.0] Processing: on-modify_need-priority.py
[17:28:35] [v2.0.0]   Generating debug version...
[make] Creating debug version: debug.on-modify_need-priority.py
DEBUG: Parsed 282 lines
DEBUG: Shebang: yes
DEBUG: Docstring: 7 lines
DEBUG: Imports: 5 lines
DEBUG: Rest: 268 lines
[make] ✓ Created: debug.on-modify_need-priority.py
[17:28:35] [v2.0.0]   Backing up: on-modify_need-priority.py -> on-modify_need-priority.py.orig
[17:28:35] [v2.0.0]   Promoting: debug.on-modify_need-priority.py -> on-modify_need-priority.py
[17:28:35] [v2.0.0] Processing: nn
[17:28:35] [v2.0.0]   Generating debug version...
[make] Creating debug version: debug.nn
DEBUG: Parsed 477 lines
DEBUG: Shebang: yes
DEBUG: Docstring: 20 lines
DEBUG: Imports: 4 lines
DEBUG: Rest: 451 lines
[make] ✓ Created: debug.nn
[17:28:35] [v2.0.0]   Backing up: nn -> nn.orig
[17:28:35] [v2.0.0]   Promoting: debug.nn -> nn
[17:28:35] [v2.0.0] Processing: on-add_need-priority.py.bak
[17:28:35] [v2.0.0]   Generating debug version...
[make] Creating debug version: debug.on-add_need-priority.py.bak
DEBUG: Parsed 253 lines
DEBUG: Shebang: yes
DEBUG: Docstring: 7 lines
DEBUG: Imports: 6 lines
DEBUG: Rest: 238 lines
[make] ✓ Created: debug.on-add_need-priority.py.bak
[17:28:35] [v2.0.0]   Backing up: on-add_need-priority.py.bak -> on-add_need-priority.py.bak.orig
[17:28:35] [v2.0.0]   Promoting: debug.on-add_need-priority.py.bak -> on-add_need-priority.py.bak

========================================================================
Session completed: 2026-01-25 17:28:35
========================================================================
