========================================================================
make-awesome.sh v2.0.1 --debug Session - 2026-01-26 00:02:36
Session ID: 20260126_000236
========================================================================

[00:02:36] [v2.0.1] Scanning for Python files in current directory...
[00:02:36] [v2.0.1] Found 3 Python file(s): on-add_need-priority.py on-exit_need-priority.py on-modify_need-priority.py
[00:02:36] [v2.0.1] Processing: on-add_need-priority.py
[00:02:36] [v2.0.1]   Generating debug version...
[make] Creating debug version: debug.on-add_need-priority.py
DEBUG: Parsed 253 lines
DEBUG: Shebang: yes
DEBUG: Docstring: 7 lines
DEBUG: Imports: 6 lines
DEBUG: Rest: 238 lines
[make] ✓ Created: debug.on-add_need-priority.py
[00:02:36] [v2.0.1]   Backing up: on-add_need-priority.py -> on-add_need-priority.py.orig
[00:02:36] [v2.0.1]   Promoting: debug.on-add_need-priority.py -> on-add_need-priority.py
[00:02:36] [v2.0.1] Processing: on-exit_need-priority.py
[00:02:36] [v2.0.1]   Generating debug version...
[make] Creating debug version: debug.on-exit_need-priority.py
DEBUG: Parsed 144 lines
DEBUG: Shebang: yes
DEBUG: Docstring: 9 lines
DEBUG: Imports: 5 lines
DEBUG: Rest: 128 lines
[make] ✓ Created: debug.on-exit_need-priority.py
[00:02:36] [v2.0.1]   Backing up: on-exit_need-priority.py -> on-exit_need-priority.py.orig
[00:02:36] [v2.0.1]   Promoting: debug.on-exit_need-priority.py -> on-exit_need-priority.py
[00:02:36] [v2.0.1] Processing: on-modify_need-priority.py
[00:02:36] [v2.0.1]   Generating debug version...
[make] Creating debug version: debug.on-modify_need-priority.py
DEBUG: Parsed 282 lines
DEBUG: Shebang: yes
DEBUG: Docstring: 7 lines
DEBUG: Imports: 5 lines
DEBUG: Rest: 268 lines
[make] ✓ Created: debug.on-modify_need-priority.py
[00:02:36] [v2.0.1]   Backing up: on-modify_need-priority.py -> on-modify_need-priority.py.orig
[00:02:36] [v2.0.1]   Promoting: debug.on-modify_need-priority.py -> on-modify_need-priority.py

========================================================================
Session completed: 2026-01-26 00:02:36
========================================================================
